Arguments: 
  /Users/shunjizhan/.nvm/versions/node/v14.16.0/bin/node /usr/local/Cellar/yarn/1.22.10/libexec/bin/yarn.js

PATH: 
  /Users/shunjizhan/.nvm/versions/node/v14.16.0/bin:/Users/shunjizhan/.cargo/bin:/Users/shunjizhan/.pyenv/shims:/Users/shunjizhan/.pyenv/bin:/usr/local/bin:/usr/bin:/bin:/usr/sbin:/sbin

Yarn version: 
  1.22.10

Node version: 
  14.16.0

Platform: 
  darwin x64

Trace: 
  Error: connect ETIMEDOUT 20.205.243.166:443
      at TCPConnectWrap.afterConnect [as oncomplete] (net.js:1146:16)

npm manifest: 
  {
    "name": "wormhole",
    "version": "1.0.0",
    "description": "",
    "main": "networks.js",
    "devDependencies": {
      "@chainsafe/truffle-plugin-abigen": "0.0.1",
      "@openzeppelin/cli": "^2.8.2",
      "@openzeppelin/contracts": "^4.3.1",
      "@openzeppelin/test-environment": "^0.1.6",
      "@openzeppelin/test-helpers": "^0.5.9",
      "@poanet/solidity-flattener": "^3.0.6",
      "@truffle/hdwallet-provider": "^1.7.0",
      "chai": "^4.2.0",
      "mocha": "^8.2.1",
      "truffle": "^5.3.6",
      "truffle-assertions": "^0.9.2",
      "truffle-plugin-verify": "^0.5.11"
    },
    "scripts": {
      "build": "truffle compile",
      "test": "mkdir -p build/contracts && cp node_modules/@openzeppelin/contracts/build/contracts/* build/contracts/ && truffle test",
      "migrate": "mkdir -p build/contracts && cp node_modules/@openzeppelin/contracts/build/contracts/* build/contracts/ && truffle migrate",
      "flatten": "mkdir -p node_modules/@poanet/solidity-flattener/contracts && cp -r contracts/* node_modules/@poanet/solidity-flattener/contracts/ && poa-solidity-flattener"
    },
    "author": "",
    "license": "ISC",
    "dependencies": {
      "dotenv": "^10.0.0",
      "elliptic": "^6.5.2",
      "ganache-cli": "^6.12.1",
      "jsonfile": "^4.0.0",
      "solc": "^0.8.4"
    }
  }

yarn manifest: 
  No manifest

Lockfile: 
  No lockfile
